<?xml version="1.0" encoding="UTF-8"?>
<!-- Generated by org.testng.reporters.JUnitReportReporter -->
<testsuite hostname="PC235407" name="automationFramework.transfer_Search_Apply_Filters_For_Search_Results" tests="2" failures="0" timestamp="14 Nov 2017 10:54:52 GMT" time="60.006" errors="0">
  <testcase name="searchaccomodation" time="37.255" classname="automationFramework.transfer_Search_Apply_Filters_For_Search_Results"/>
  <testcase name="login" time="22.751" classname="automationFramework.transfer_Search_Apply_Filters_For_Search_Results"/>
</testsuite> <!-- automationFramework.transfer_Search_Apply_Filters_For_Search_Results -->
