<?xml version="1.0" encoding="UTF-8"?>
<!-- Generated by org.testng.reporters.JUnitReportReporter -->
<testsuite hostname="PC350015" name="automationFramework.Accommodation_booking_for_adults_with_children" tests="1" failures="0" timestamp="11 Oct 2017 08:59:17 GMT" time="95.010" errors="0">
  <testcase name="book" time="95.010" classname="automationFramework.Accommodation_booking_for_adults_with_children"/>
</testsuite> <!-- automationFramework.Accommodation_booking_for_adults_with_children -->
